<?xml version="1.0" encoding="utf-8"?><testsuites name="pytest tests"><testsuite name="pytest" errors="0" failures="10" skipped="0" tests="10" time="2.257" timestamp="2026-09-15T03:17:08.140321+00:00" hostname="ais"><testcase classname="tests.test_sa_tracking_installation_cli" name="test_current_module_cli_inspects_previews_installs_and_noops_populated_v4" time="0.378"><failure message="AssertionError: current membership CLI did not return a receipt&#10;assert ''&#10; +  where '' = &lt;built-in method strip of str object at 0x7e96c5f08030&gt;()&#10; +    where &lt;built-in method strip of str object at 0x7e96c5f08030&gt; = ''.strip&#10; +      where '' = CompletedProcess(args=['/tmp/arkscope-prebuilt-compat.oCmRRHrQ/venv/bin/python', '-B', '-m', 'src.sa_tracking_installa....G7sxyGBc/red-current-cli/pytest/test_current_module_cli_inspec0/inspection.json'], returncode=0, stdout='', stderr='').stdout">tests/test_sa_tracking_installation_cli.py:37: in test_current_module_cli_inspects_previews_installs_and_noops_populated_v4
    inspected = receipt("inspect", "--profile", profile, "--output", inspection_path)
tests/test_sa_tracking_installation_cli.py:28: in receipt
    assert result.stdout.strip(), "current membership CLI did not return a receipt"
E   AssertionError: current membership CLI did not return a receipt
E   assert ''
E    +  where '' = &lt;built-in method strip of str object at 0x7e96c5f08030&gt;()
E    +    where &lt;built-in method strip of str object at 0x7e96c5f08030&gt; = ''.strip
E    +      where '' = CompletedProcess(args=['/tmp/arkscope-prebuilt-compat.oCmRRHrQ/venv/bin/python', '-B', '-m', 'src.sa_tracking_installa....G7sxyGBc/red-current-cli/pytest/test_current_module_cli_inspec0/inspection.json'], returncode=0, stdout='', stderr='').stdout</failure></testcase><testcase classname="tests.test_sa_tracking_installation_cli" name="test_current_module_cli_requires_paths_digest_backup_and_stopped_app[args0]" time="0.148"><failure message="AssertionError: assert 0 == 2&#10; +  where 0 = CompletedProcess(args=['/tmp/arkscope-prebuilt-compat.oCmRRHrQ/venv/bin/python', '-B', '-m', 'src.sa_tracking_installation'], returncode=0, stdout='', stderr='').returncode">tests/test_sa_tracking_installation_cli.py:67: in test_current_module_cli_requires_paths_digest_backup_and_stopped_app
    assert result.returncode == 2
E   AssertionError: assert 0 == 2
E    +  where 0 = CompletedProcess(args=['/tmp/arkscope-prebuilt-compat.oCmRRHrQ/venv/bin/python', '-B', '-m', 'src.sa_tracking_installation'], returncode=0, stdout='', stderr='').returncode</failure></testcase><testcase classname="tests.test_sa_tracking_installation_cli" name="test_current_module_cli_requires_paths_digest_backup_and_stopped_app[args1]" time="0.153"><failure message="AssertionError: assert 0 == 2&#10; +  where 0 = CompletedProcess(args=['/tmp/arkscope-prebuilt-compat.oCmRRHrQ/venv/bin/python', '-B', '-m', 'src.sa_tracking_installation', 'inspect'], returncode=0, stdout='', stderr='').returncode">tests/test_sa_tracking_installation_cli.py:67: in test_current_module_cli_requires_paths_digest_backup_and_stopped_app
    assert result.returncode == 2
E   AssertionError: assert 0 == 2
E    +  where 0 = CompletedProcess(args=['/tmp/arkscope-prebuilt-compat.oCmRRHrQ/venv/bin/python', '-B', '-m', 'src.sa_tracking_installation', 'inspect'], returncode=0, stdout='', stderr='').returncode</failure></testcase><testcase classname="tests.test_sa_tracking_installation_cli" name="test_current_module_cli_requires_paths_digest_backup_and_stopped_app[args2]" time="0.152"><failure message="AssertionError: assert 0 == 2&#10; +  where 0 = CompletedProcess(args=['/tmp/arkscope-prebuilt-compat.oCmRRHrQ/venv/bin/python', '-B', '-m', 'src.sa_tracking_installation', 'install-preview', '--profile', 'absent', '--output', 'manifest'], returncode=0, stdout='', stderr='').returncode">tests/test_sa_tracking_installation_cli.py:67: in test_current_module_cli_requires_paths_digest_backup_and_stopped_app
    assert result.returncode == 2
E   AssertionError: assert 0 == 2
E    +  where 0 = CompletedProcess(args=['/tmp/arkscope-prebuilt-compat.oCmRRHrQ/venv/bin/python', '-B', '-m', 'src.sa_tracking_installation', 'install-preview', '--profile', 'absent', '--output', 'manifest'], returncode=0, stdout='', stderr='').returncode</failure></testcase><testcase classname="tests.test_sa_tracking_installation_cli" name="test_current_module_cli_requires_paths_digest_backup_and_stopped_app[args3]" time="0.152"><failure message="AssertionError: assert 0 == 2&#10; +  where 0 = CompletedProcess(args=['/tmp/arkscope-prebuilt-compat.oCmRRHrQ/venv/bin/python', '-B', '-m', 'src.sa_tracking_installa...tover-sha256', 'aaaaaaaaaaaaaaaaaaaaaaaaaaaaaaaaaaaaaaaaaaaaaaaaaaaaaaaaaaaaaaaa'], returncode=0, stdout='', stderr='').returncode">tests/test_sa_tracking_installation_cli.py:67: in test_current_module_cli_requires_paths_digest_backup_and_stopped_app
    assert result.returncode == 2
E   AssertionError: assert 0 == 2
E    +  where 0 = CompletedProcess(args=['/tmp/arkscope-prebuilt-compat.oCmRRHrQ/venv/bin/python', '-B', '-m', 'src.sa_tracking_installa...tover-sha256', 'aaaaaaaaaaaaaaaaaaaaaaaaaaaaaaaaaaaaaaaaaaaaaaaaaaaaaaaaaaaaaaaa'], returncode=0, stdout='', stderr='').returncode</failure></testcase><testcase classname="tests.test_sa_tracking_installation_cli" name="test_current_module_cli_requires_paths_digest_backup_and_stopped_app[args4]" time="0.153"><failure message="AssertionError: assert 0 == 2&#10; +  where 0 = CompletedProcess(args=['/tmp/arkscope-prebuilt-compat.oCmRRHrQ/venv/bin/python', '-B', '-m', 'src.sa_tracking_installation', 'install', '--profile', 'absent', '--sa', 'absent-sa', '--app-stopped'], returncode=0, stdout='', stderr='').returncode">tests/test_sa_tracking_installation_cli.py:67: in test_current_module_cli_requires_paths_digest_backup_and_stopped_app
    assert result.returncode == 2
E   AssertionError: assert 0 == 2
E    +  where 0 = CompletedProcess(args=['/tmp/arkscope-prebuilt-compat.oCmRRHrQ/venv/bin/python', '-B', '-m', 'src.sa_tracking_installation', 'install', '--profile', 'absent', '--sa', 'absent-sa', '--app-stopped'], returncode=0, stdout='', stderr='').returncode</failure></testcase><testcase classname="tests.test_sa_tracking_installation_cli" name="test_current_module_cli_refuses_overwriting_preview_before_reading_stores" time="0.154"><failure message="AssertionError: assert (0 != 0)&#10; +  where 0 = CompletedProcess(args=['/tmp/arkscope-prebuilt-compat.oCmRRHrQ/venv/bin/python', '-B', '-m', 'src.sa_tracking_installa...ion.G7sxyGBc/red-current-cli/pytest/test_current_module_cli_refuse0/preview.json'], returncode=0, stdout='', stderr='').returncode">tests/test_sa_tracking_installation_cli.py:76: in test_current_module_cli_refuses_overwriting_preview_before_reading_stores
    assert result.returncode != 0 and "FileExistsError" in result.stderr
E   AssertionError: assert (0 != 0)
E    +  where 0 = CompletedProcess(args=['/tmp/arkscope-prebuilt-compat.oCmRRHrQ/venv/bin/python', '-B', '-m', 'src.sa_tracking_installa...ion.G7sxyGBc/red-current-cli/pytest/test_current_module_cli_refuse0/preview.json'], returncode=0, stdout='', stderr='').returncode</failure></testcase><testcase classname="tests.test_sa_tracking_installation_cli" name="test_current_module_cli_rejects_observation_drift_before_backup" time="0.304"><failure message="AssertionError: current membership CLI did not return a receipt&#10;assert ''&#10; +  where '' = &lt;built-in method strip of str object at 0x7e96c5f08030&gt;()&#10; +    where &lt;built-in method strip of str object at 0x7e96c5f08030&gt; = ''.strip&#10; +      where '' = CompletedProcess(args=['/tmp/arkscope-prebuilt-compat.oCmRRHrQ/venv/bin/python', '-B', '-m', 'src.sa_tracking_installa...ion.G7sxyGBc/red-current-cli/pytest/test_current_module_cli_reject0/preview.json'], returncode=0, stdout='', stderr='').stdout">tests/test_sa_tracking_installation_cli.py:83: in test_current_module_cli_rejects_observation_drift_before_backup
    preview = receipt("install-preview", "--profile", profile, "--sa", sa, "--output", tmp_path / "preview.json")
tests/test_sa_tracking_installation_cli.py:28: in receipt
    assert result.stdout.strip(), "current membership CLI did not return a receipt"
E   AssertionError: current membership CLI did not return a receipt
E   assert ''
E    +  where '' = &lt;built-in method strip of str object at 0x7e96c5f08030&gt;()
E    +    where &lt;built-in method strip of str object at 0x7e96c5f08030&gt; = ''.strip
E    +      where '' = CompletedProcess(args=['/tmp/arkscope-prebuilt-compat.oCmRRHrQ/venv/bin/python', '-B', '-m', 'src.sa_tracking_installa...ion.G7sxyGBc/red-current-cli/pytest/test_current_module_cli_reject0/preview.json'], returncode=0, stdout='', stderr='').stdout</failure></testcase><testcase classname="tests.test_sa_tracking_installation_cli" name="test_current_module_cli_does_not_overwrite_a_backup" time="0.306"><failure message="AssertionError: current membership CLI did not return a receipt&#10;assert ''&#10; +  where '' = &lt;built-in method strip of str object at 0x7e96c5f08030&gt;()&#10; +    where &lt;built-in method strip of str object at 0x7e96c5f08030&gt; = ''.strip&#10; +      where '' = CompletedProcess(args=['/tmp/arkscope-prebuilt-compat.oCmRRHrQ/venv/bin/python', '-B', '-m', 'src.sa_tracking_installa...ion.G7sxyGBc/red-current-cli/pytest/test_current_module_cli_does_n0/preview.json'], returncode=0, stdout='', stderr='').stdout">tests/test_sa_tracking_installation_cli.py:96: in test_current_module_cli_does_not_overwrite_a_backup
    preview = receipt("install-preview", "--profile", profile, "--sa", sa, "--output", tmp_path / "preview.json")
tests/test_sa_tracking_installation_cli.py:28: in receipt
    assert result.stdout.strip(), "current membership CLI did not return a receipt"
E   AssertionError: current membership CLI did not return a receipt
E   assert ''
E    +  where '' = &lt;built-in method strip of str object at 0x7e96c5f08030&gt;()
E    +    where &lt;built-in method strip of str object at 0x7e96c5f08030&gt; = ''.strip
E    +      where '' = CompletedProcess(args=['/tmp/arkscope-prebuilt-compat.oCmRRHrQ/venv/bin/python', '-B', '-m', 'src.sa_tracking_installa...ion.G7sxyGBc/red-current-cli/pytest/test_current_module_cli_does_n0/preview.json'], returncode=0, stdout='', stderr='').stdout</failure></testcase><testcase classname="tests.test_sa_tracking_installation_cli" name="test_current_module_cli_has_discoverable_install_options" time="0.153"><failure message="AssertionError: assert '--profile' in ''&#10; +  where '' = CompletedProcess(args=['/tmp/arkscope-prebuilt-compat.oCmRRHrQ/venv/bin/python', '-B', '-m', 'src.sa_tracking_installation', 'install', '--help'], returncode=0, stdout='', stderr='').stdout">tests/test_sa_tracking_installation_cli.py:111: in test_current_module_cli_has_discoverable_install_options
    assert flag in result.stdout
E   AssertionError: assert '--profile' in ''
E    +  where '' = CompletedProcess(args=['/tmp/arkscope-prebuilt-compat.oCmRRHrQ/venv/bin/python', '-B', '-m', 'src.sa_tracking_installation', 'install', '--help'], returncode=0, stdout='', stderr='').stdout</failure></testcase></testsuite></testsuites>