<?xml version="1.0" encoding="utf-8"?><testsuites name="pytest tests"><testsuite name="pytest" errors="3" failures="0" skipped="0" tests="3" time="0.629" timestamp="2026-09-15T02:55:07.479135+00:00" hostname="ais"><testcase classname="" name="tests.test_lifecycle_investigation_migration" time="0.000"><error message="collection failure">ImportError while importing test module '/tmp/arkscope-c15-evaluation.G7sxyGBc/source/tests/test_lifecycle_investigation_migration.py'.
Hint: make sure your test modules/packages have valid Python names.
Traceback:
/tmp/arkscope-prebuilt-compat.oCmRRHrQ/python/lib/python3.10/importlib/__init__.py:126: in import_module
    return _bootstrap._gcd_import(name[level:], package, level)
tests/test_lifecycle_investigation_migration.py:6: in &lt;module&gt;
    from tests.test_security_lifecycle_population import stores
tests/test_security_lifecycle_population.py:16: in &lt;module&gt;
    from src.security_lifecycle_listing_evidence import _evidence
src/security_lifecycle_listing_evidence.py:13: in &lt;module&gt;
    from data_sources.listing_authority_transport import (
E   ModuleNotFoundError: No module named 'data_sources'</error></testcase><testcase classname="" name="tests.test_lifecycle_investigation_retirement" time="0.000"><error message="collection failure">ImportError while importing test module '/tmp/arkscope-c15-evaluation.G7sxyGBc/source/tests/test_lifecycle_investigation_retirement.py'.
Hint: make sure your test modules/packages have valid Python names.
Traceback:
/tmp/arkscope-prebuilt-compat.oCmRRHrQ/python/lib/python3.10/importlib/__init__.py:126: in import_module
    return _bootstrap._gcd_import(name[level:], package, level)
tests/test_lifecycle_investigation_retirement.py:7: in &lt;module&gt;
    from tests.test_security_lifecycle_population import stores, sec as observe, persist
tests/test_security_lifecycle_population.py:16: in &lt;module&gt;
    from src.security_lifecycle_listing_evidence import _evidence
src/security_lifecycle_listing_evidence.py:13: in &lt;module&gt;
    from data_sources.listing_authority_transport import (
E   ModuleNotFoundError: No module named 'data_sources'</error></testcase><testcase classname="" name="tests.test_lifecycle_investigation_cli" time="0.000"><error message="collection failure">ImportError while importing test module '/tmp/arkscope-c15-evaluation.G7sxyGBc/source/tests/test_lifecycle_investigation_cli.py'.
Hint: make sure your test modules/packages have valid Python names.
Traceback:
/tmp/arkscope-prebuilt-compat.oCmRRHrQ/python/lib/python3.10/importlib/__init__.py:126: in import_module
    return _bootstrap._gcd_import(name[level:], package, level)
tests/test_lifecycle_investigation_cli.py:7: in &lt;module&gt;
    from tests.test_security_lifecycle_population import stores, sec, persist
tests/test_security_lifecycle_population.py:16: in &lt;module&gt;
    from src.security_lifecycle_listing_evidence import _evidence
src/security_lifecycle_listing_evidence.py:13: in &lt;module&gt;
    from data_sources.listing_authority_transport import (
E   ModuleNotFoundError: No module named 'data_sources'</error></testcase></testsuite></testsuites>