<?xml version="1.0" encoding="utf-8"?><testsuites name="pytest tests"><testsuite name="pytest" errors="0" failures="0" skipped="0" tests="10" time="3.406" timestamp="2026-09-15T03:18:01.458317+00:00" hostname="ais"><testcase classname="tests.test_sa_tracking_installation_cli" name="test_current_module_cli_inspects_previews_installs_and_noops_populated_v4" time="1.134" /><testcase classname="tests.test_sa_tracking_installation_cli" name="test_current_module_cli_requires_paths_digest_backup_and_stopped_app[args0]" time="0.165" /><testcase classname="tests.test_sa_tracking_installation_cli" name="test_current_module_cli_requires_paths_digest_backup_and_stopped_app[args1]" time="0.164" /><testcase classname="tests.test_sa_tracking_installation_cli" name="test_current_module_cli_requires_paths_digest_backup_and_stopped_app[args2]" time="0.165" /><testcase classname="tests.test_sa_tracking_installation_cli" name="test_current_module_cli_requires_paths_digest_backup_and_stopped_app[args3]" time="0.165" /><testcase classname="tests.test_sa_tracking_installation_cli" name="test_current_module_cli_requires_paths_digest_backup_and_stopped_app[args4]" time="0.164" /><testcase classname="tests.test_sa_tracking_installation_cli" name="test_current_module_cli_refuses_overwriting_preview_before_reading_stores" time="0.163" /><testcase classname="tests.test_sa_tracking_installation_cli" name="test_current_module_cli_rejects_observation_drift_before_backup" time="0.490" /><testcase classname="tests.test_sa_tracking_installation_cli" name="test_current_module_cli_does_not_overwrite_a_backup" time="0.501" /><testcase classname="tests.test_sa_tracking_installation_cli" name="test_current_module_cli_has_discoverable_install_options" time="0.165" /></testsuite></testsuites>