<?xml version="1.0" encoding="utf-8"?><testsuites name="pytest tests"><testsuite name="pytest" errors="0" failures="1" skipped="0" tests="64" time="7.259" timestamp="2026-09-15T02:55:58.185748+00:00" hostname="ais"><testcase classname="tests.test_security_lifecycle_provider_migration" name="test_cutover_preserves_dual_source_lineage_from_real_capture_rows" time="0.193" /><testcase classname="tests.test_security_lifecycle_provider_migration" name="test_provider_upgrade_preserves_old_rows_and_has_create_only_backup" time="0.067" /><testcase classname="tests.test_security_lifecycle_provider_migration" name="test_changed_profile_requires_new_migration_preview" time="0.048" /><testcase classname="tests.test_security_lifecycle_provider_migration" name="test_membership_bootstrap_is_atomic_with_the_schema_upgrade[False]" time="0.060" /><testcase classname="tests.test_security_lifecycle_provider_migration" name="test_membership_bootstrap_is_atomic_with_the_schema_upgrade[True]" time="0.058" /><testcase classname="tests.test_security_lifecycle_provider_migration" name="test_upgrade_preserves_real_v3_evidence_translations_identity_and_unowned_sql" time="0.180" /><testcase classname="tests.test_security_lifecycle_provider_migration" name="test_cutover_requires_stopped_app_and_exact_sa_observation_set" time="0.074" /><testcase classname="tests.test_security_lifecycle_provider_migration" name="test_provider_upgrade_requires_valid_disabled_automation_before_backup[enabled-true]" time="0.047" /><testcase classname="tests.test_security_lifecycle_provider_migration" name="test_provider_upgrade_requires_valid_disabled_automation_before_backup[apply_profile_transitions-true]" time="0.051" /><testcase classname="tests.test_security_lifecycle_provider_migration" name="test_provider_upgrade_requires_valid_disabled_automation_before_backup[enabled-None]" time="0.048" /><testcase classname="tests.test_security_lifecycle_provider_migration" name="test_provider_upgrade_requires_valid_disabled_automation_before_backup[interval_minutes-invalid]" time="0.052" /><testcase classname="tests.test_security_lifecycle_provider_migration" name="test_migration_preview_binds_automation_controls_but_not_other_settings" time="0.075" /><testcase classname="tests.test_security_lifecycle_provider_migration" name="test_provider_upgrade_rechecks_controls_after_backup" time="0.055" /><testcase classname="tests.test_security_lifecycle_listing_migration" name="test_v2_to_v3_preserves_every_existing_cell_and_adds_no_listing_rows" time="0.152" /><testcase classname="tests.test_security_lifecycle_listing_migration" name="test_preflight_is_read_only_and_exact_v3_migration_is_an_idempotent_noop" time="0.156" /><testcase classname="tests.test_security_lifecycle_listing_migration" name="test_preflight_uses_one_read_snapshot_during_concurrent_writer_commit" time="0.117" /><testcase classname="tests.test_security_lifecycle_listing_migration" name="test_preflight_rolls_back_read_transaction_on_success_and_error" time="0.100" /><testcase classname="tests.test_security_lifecycle_listing_migration" name="test_migration_rejects_stale_approval_and_wrong_backup_digest" time="0.131" /><testcase classname="tests.test_security_lifecycle_listing_migration" name="test_preflight_rejects_foreign_key_failure_and_partial_or_mixed_authority" time="0.192" /><testcase classname="tests.test_security_lifecycle_listing_migration" name="test_restore_rejects_digest_mismatch_and_installs_byte_identical_v2" time="0.134" /><testcase classname="tests.test_security_lifecycle_listing_migration" name="test_restore_refuses_existing_target_without_mutating_it" time="0.120" /><testcase classname="tests.test_lifecycle_investigation_migration" name="test_cutover_is_explicit_backed_up_and_preserves_existing_content" time="0.098" /><testcase classname="tests.test_lifecycle_investigation_migration" name="test_changed_installation_preview_is_rejected_before_backup" time="0.082" /><testcase classname="tests.test_lifecycle_investigation_migration" name="test_installation_preserves_unrelated_without_rowid_tables" time="0.098" /><testcase classname="tests.test_lifecycle_investigation_retirement" name="test_cased_cascade_fk_is_retained_by_preview_and_empty_apply[profile-upper]" time="0.110" /><testcase classname="tests.test_lifecycle_investigation_retirement" name="test_cased_cascade_fk_is_retained_by_preview_and_empty_apply[profile-mixed]" time="0.109" /><testcase classname="tests.test_lifecycle_investigation_retirement" name="test_cased_cascade_fk_is_retained_by_preview_and_empty_apply[market-upper]" time="0.110" /><testcase classname="tests.test_lifecycle_investigation_retirement" name="test_cased_cascade_fk_is_retained_by_preview_and_empty_apply[market-mixed]" time="0.110" /><testcase classname="tests.test_lifecycle_investigation_retirement" name="test_cased_cascade_fk_added_after_preview_blocks_apply[after_preview-profile-upper]" time="0.096" /><testcase classname="tests.test_lifecycle_investigation_retirement" name="test_cased_cascade_fk_added_after_preview_blocks_apply[after_preview-profile-mixed]" time="0.096" /><testcase classname="tests.test_lifecycle_investigation_retirement" name="test_cased_cascade_fk_added_after_preview_blocks_apply[after_preview-market-upper]" time="0.104" /><testcase classname="tests.test_lifecycle_investigation_retirement" name="test_cased_cascade_fk_added_after_preview_blocks_apply[after_preview-market-mixed]" time="0.103" /><testcase classname="tests.test_lifecycle_investigation_retirement" name="test_cased_cascade_fk_added_after_preview_blocks_apply[after_backup-profile-upper]" time="0.100" /><testcase classname="tests.test_lifecycle_investigation_retirement" name="test_cased_cascade_fk_added_after_preview_blocks_apply[after_backup-profile-mixed]" time="0.102" /><testcase classname="tests.test_lifecycle_investigation_retirement" name="test_cased_cascade_fk_added_after_preview_blocks_apply[after_backup-market-upper]" time="0.108" /><testcase classname="tests.test_lifecycle_investigation_retirement" name="test_cased_cascade_fk_added_after_preview_blocks_apply[after_backup-market-mixed]" time="0.112" /><testcase classname="tests.test_lifecycle_investigation_retirement" name="test_disposal_does_not_casefold_distinct_non_ascii_fk_targets[profile-distinct-unicode]" time="0.121" /><testcase classname="tests.test_lifecycle_investigation_retirement" name="test_disposal_does_not_casefold_distinct_non_ascii_fk_targets[market-distinct-unicode]" time="0.121" /><testcase classname="tests.test_lifecycle_investigation_retirement" name="test_disposal_preserves_approved_current_investigation_and_idempotent_confirmation" time="0.093"><failure message="RuntimeError: Builtin skills directory missing: /tmp/arkscope-c15-evaluation.G7sxyGBc/source/resources/skills/builtin">tests/test_lifecycle_investigation_retirement.py:122: in test_disposal_preserves_approved_current_investigation_and_idempotent_confirmation
    from tests.test_lifecycle_investigation_review import context, prepare, confirm
&lt;frozen importlib._bootstrap&gt;:1027: in _find_and_load
    ???
&lt;frozen importlib._bootstrap&gt;:1006: in _find_and_load_unlocked
    ???
&lt;frozen importlib._bootstrap&gt;:688: in _load_unlocked
    ???
/tmp/arkscope-prebuilt-compat.oCmRRHrQ/venv/lib/python3.10/site-packages/_pytest/assertion/rewrite.py:186: in exec_module
    exec(co, module.__dict__)
tests/test_lifecycle_investigation_review.py:7: in &lt;module&gt;
    from src.auth_drivers.lifecycle_web_models import WebCredential
src/auth_drivers/__init__.py:5: in &lt;module&gt;
    from .protocol import (
src/auth_drivers/protocol.py:21: in &lt;module&gt;
    from src.agents.shared.events import AgentEvent  # the stream event vocabulary — reused
src/agents/shared/__init__.py:16: in &lt;module&gt;
    from .skills import SKILL_REGISTRY, SkillDefinition, expand_skill, list_skills
src/agents/shared/skills.py:393: in &lt;module&gt;
    rebuild_skill_registry()
src/agents/shared/skills.py:376: in rebuild_skill_registry
    tier1 = _scan_builtin(_RESOURCES_DIR / "builtin")
src/agents/shared/skills.py:203: in _scan_builtin
    raise RuntimeError(
E   RuntimeError: Builtin skills directory missing: /tmp/arkscope-c15-evaluation.G7sxyGBc/source/resources/skills/builtin</failure></testcase><testcase classname="tests.test_lifecycle_investigation_retirement" name="test_retirement_disposal_is_scoped_and_preserves_other_data" time="0.150" /><testcase classname="tests.test_lifecycle_investigation_retirement" name="test_disposal_stops_for_new_dependency_and_never_requires_quiescing_unrelated_sa" time="0.103" /><testcase classname="tests.test_lifecycle_investigation_retirement" name="test_unrelated_child_reference_retains_case_and_market_observation" time="0.092" /><testcase classname="tests.test_lifecycle_investigation_retirement" name="test_current_composition_excludes_unretained_sec_without_a_cutover[False]" time="0.105" /><testcase classname="tests.test_lifecycle_investigation_retirement" name="test_current_composition_excludes_unretained_sec_without_a_cutover[True]" time="0.109" /><testcase classname="tests.test_lifecycle_investigation_retirement" name="test_retained_sec_action_history_is_readable_but_not_background_intake[False]" time="0.316" /><testcase classname="tests.test_lifecycle_investigation_retirement" name="test_retained_sec_action_history_is_readable_but_not_background_intake[True]" time="0.190" /><testcase classname="tests.test_lifecycle_investigation_retirement" name="test_market_dependencies_are_retained_before_profile_disposal" time="0.105" /><testcase classname="tests.test_lifecycle_investigation_retirement" name="test_disposal_market_stage_requires_profile_receipt_and_receipts_cannot_be_forged" time="0.125" /><testcase classname="tests.test_lifecycle_investigation_retirement" name="test_disposal_deletes_draft_dependencies_but_retains_human_acceptance" time="0.131" /><testcase classname="tests.test_lifecycle_investigation_retirement" name="test_disposal_rolls_back_shared_evidence_when_receipt_publication_fails" time="0.131" /><testcase classname="tests.test_lifecycle_investigation_cli" name="test_explicit_install_and_36_row_two_stage_disposal_can_resume_without_touching_collectors" time="0.433" /><testcase classname="tests.test_lifecycle_investigation_cli" name="test_operator_cli_never_guesses_database_paths_or_app_stop_permission" time="0.004" /><testcase classname="tests.test_sqlite_backup" name="test_current_journal_has_no_obsolete_schema_owner[lifecycle_web_schema.py]" time="0.002" /><testcase classname="tests.test_sqlite_backup" name="test_current_journal_has_no_obsolete_schema_owner[lifecycle_web_migration.py]" time="0.002" /><testcase classname="tests.test_sqlite_backup" name="test_backup_captures_committed_wal_rows_without_changing_the_source" time="0.014" /><testcase classname="tests.test_sqlite_backup" name="test_backup_never_overwrites_an_existing_destination" time="0.002" /><testcase classname="tests.test_sqlite_backup" name="test_backup_rejects_a_dangling_destination_symlink" time="0.003" /><testcase classname="tests.test_sqlite_backup" name="test_backup_explicitly_closes_destination_on_success_and_failure[False]" time="0.005" /><testcase classname="tests.test_sqlite_backup" name="test_backup_explicitly_closes_destination_on_success_and_failure[True]" time="0.003" /><testcase classname="tests.test_sqlite_backup" name="test_current_installation_backup_preserves_unrelated_rows_and_is_idempotent" time="0.109" /><testcase classname="tests.test_sqlite_backup" name="test_current_installation_requires_stopped_app_before_opening_any_store" time="0.003" /><testcase classname="tests.test_sqlite_backup" name="test_current_installation_rejects_backup_races_and_existing_destinations[after_backup]" time="0.095" /><testcase classname="tests.test_sqlite_backup" name="test_current_installation_rejects_backup_races_and_existing_destinations[backup_exists]" time="0.082" /><testcase classname="tests.test_sqlite_backup" name="test_current_installation_rolls_back_schema_on_postflight_failure" time="0.099" /></testsuite></testsuites>