<?xml version="1.0" encoding="utf-8"?><testsuites name="pytest tests"><testsuite name="pytest" errors="0" failures="0" skipped="0" tests="203" time="18.351" timestamp="2026-09-15T03:19:00.863117+00:00" hostname="ais"><testcase classname="tests.test_current_installation_cleanup" name="test_obsolete_converter_is_absent_without_forwarding_module[src.security_lifecycle_listing_migration]" time="0.023" /><testcase classname="tests.test_current_installation_cleanup" name="test_obsolete_converter_is_absent_without_forwarding_module[src.security_lifecycle_provider_migration]" time="0.001" /><testcase classname="tests.test_current_installation_cleanup" name="test_current_investigation_helpers_have_a_current_owner[migration]" time="0.001" /><testcase classname="tests.test_current_installation_cleanup" name="test_current_investigation_helpers_have_a_current_owner[disposal]" time="0.001" /><testcase classname="tests.test_sa_tracking_installation" name="test_fixture_is_populated_current_v4_without_tracking_installation" time="0.089" /><testcase classname="tests.test_sa_tracking_installation" name="test_attended_installation_preserves_real_capture_dual_source_lineage" time="0.216" /><testcase classname="tests.test_sa_tracking_installation" name="test_installation_preserves_all_rows_rowids_sequences_and_sql_with_private_backup" time="0.107" /><testcase classname="tests.test_sa_tracking_installation" name="test_noop_keeps_removed_memberships_and_does_not_create_a_backup" time="0.169" /><testcase classname="tests.test_sa_tracking_installation" name="test_backup_is_create_only_and_never_overwrites_source_or_destination[False]" time="0.082" /><testcase classname="tests.test_sa_tracking_installation" name="test_backup_is_create_only_and_never_overwrites_source_or_destination[True]" time="0.080" /><testcase classname="tests.test_sa_tracking_installation" name="test_changed_profile_requires_new_preview_before_backup" time="0.088" /><testcase classname="tests.test_sa_tracking_installation" name="test_membership_bootstrap_is_atomic_with_ddl_and_attended_receipts[None]" time="0.103" /><testcase classname="tests.test_sa_tracking_installation" name="test_membership_bootstrap_is_atomic_with_ddl_and_attended_receipts[ValueError]" time="0.094" /><testcase classname="tests.test_sa_tracking_installation" name="test_membership_bootstrap_is_atomic_with_ddl_and_attended_receipts[KeyboardInterrupt]" time="0.095" /><testcase classname="tests.test_sa_tracking_installation" name="test_attended_installation_requires_stopped_app_before_opening_stores[False]" time="0.002" /><testcase classname="tests.test_sa_tracking_installation" name="test_attended_installation_requires_stopped_app_before_opening_stores[None]" time="0.002" /><testcase classname="tests.test_sa_tracking_installation" name="test_attended_installation_requires_stopped_app_before_opening_stores[1]" time="0.002" /><testcase classname="tests.test_sa_tracking_installation" name="test_attended_installation_requires_stopped_app_before_opening_stores[true]" time="0.002" /><testcase classname="tests.test_sa_tracking_installation" name="test_attended_preview_binds_the_exact_real_sa_observation_set" time="0.130" /><testcase classname="tests.test_sa_tracking_installation" name="test_valid_disabled_automation_is_required_before_backup_and_noop[enabled-true]" time="0.097" /><testcase classname="tests.test_sa_tracking_installation" name="test_valid_disabled_automation_is_required_before_backup_and_noop[apply_profile_transitions-true]" time="0.099" /><testcase classname="tests.test_sa_tracking_installation" name="test_valid_disabled_automation_is_required_before_backup_and_noop[enabled-None]" time="0.097" /><testcase classname="tests.test_sa_tracking_installation" name="test_valid_disabled_automation_is_required_before_backup_and_noop[interval_minutes-invalid]" time="0.098" /><testcase classname="tests.test_sa_tracking_installation" name="test_preview_binds_automation_controls_but_not_unrelated_settings" time="0.108" /><testcase classname="tests.test_sa_tracking_installation" name="test_installation_rechecks_backup_and_locked_profile_before_ddl[source_controls]" time="0.094" /><testcase classname="tests.test_sa_tracking_installation" name="test_installation_rechecks_backup_and_locked_profile_before_ddl[source_rows]" time="0.091" /><testcase classname="tests.test_sa_tracking_installation" name="test_installation_rechecks_backup_and_locked_profile_before_ddl[backup]" time="0.093" /><testcase classname="tests.test_sa_tracking_installation" name="test_obsolete_schemas_are_rejected_without_conversion_or_backup[2]" time="0.041" /><testcase classname="tests.test_sa_tracking_installation" name="test_obsolete_schemas_are_rejected_without_conversion_or_backup[3]" time="0.043" /><testcase classname="tests.test_sa_tracking_installation" name="test_inspection_uses_one_read_snapshot_during_concurrent_writer_commit" time="0.089" /><testcase classname="tests.test_sa_tracking_installation" name="test_bootstrap_uses_persisted_identity_links_and_related_security_context[False]" time="0.094" /><testcase classname="tests.test_sa_tracking_installation" name="test_bootstrap_uses_persisted_identity_links_and_related_security_context[True]" time="0.098" /><testcase classname="tests.test_sa_tracking_installation" name="test_malformed_current_profile_is_rejected_without_backup_or_repair[foreign_key]" time="0.074" /><testcase classname="tests.test_sa_tracking_installation" name="test_malformed_current_profile_is_rejected_without_backup_or_repair[missing_table]" time="0.075" /><testcase classname="tests.test_sa_tracking_installation" name="test_malformed_current_profile_is_rejected_without_backup_or_repair[changed_table]" time="0.076" /><testcase classname="tests.test_sa_tracking_installation" name="test_malformed_current_profile_is_rejected_without_backup_or_repair[partial_membership]" time="0.084" /><testcase classname="tests.test_sa_tracking_installation" name="test_inspection_and_installation_do_not_create_a_missing_profile" time="0.004" /><testcase classname="tests.test_sa_tracking_installation" name="test_inspection_rolls_back_and_closes_read_snapshot_on_success_and_error[False]" time="0.072" /><testcase classname="tests.test_sa_tracking_installation" name="test_inspection_rolls_back_and_closes_read_snapshot_on_success_and_error[True]" time="0.070" /><testcase classname="tests.test_sa_tracking_installation_cli" name="test_current_module_cli_inspects_previews_installs_and_noops_populated_v4" time="0.993" /><testcase classname="tests.test_sa_tracking_installation_cli" name="test_current_module_cli_requires_paths_digest_backup_and_stopped_app[args0]" time="0.163" /><testcase classname="tests.test_sa_tracking_installation_cli" name="test_current_module_cli_requires_paths_digest_backup_and_stopped_app[args1]" time="0.164" /><testcase classname="tests.test_sa_tracking_installation_cli" name="test_current_module_cli_requires_paths_digest_backup_and_stopped_app[args2]" time="0.163" /><testcase classname="tests.test_sa_tracking_installation_cli" name="test_current_module_cli_requires_paths_digest_backup_and_stopped_app[args3]" time="0.164" /><testcase classname="tests.test_sa_tracking_installation_cli" name="test_current_module_cli_requires_paths_digest_backup_and_stopped_app[args4]" time="0.165" /><testcase classname="tests.test_sa_tracking_installation_cli" name="test_current_module_cli_refuses_overwriting_preview_before_reading_stores" time="0.167" /><testcase classname="tests.test_sa_tracking_installation_cli" name="test_current_module_cli_rejects_observation_drift_before_backup" time="0.490" /><testcase classname="tests.test_sa_tracking_installation_cli" name="test_current_module_cli_does_not_overwrite_a_backup" time="0.468" /><testcase classname="tests.test_sa_tracking_installation_cli" name="test_current_module_cli_has_discoverable_install_options" time="0.165" /><testcase classname="tests.test_lifecycle_investigation_sqlite_helpers" name="test_cell_encoding_is_byte_identical[None-n]" time="0.004" /><testcase classname="tests.test_lifecycle_investigation_sqlite_helpers" name="test_cell_encoding_is_byte_identical[-b0:]" time="0.005" /><testcase classname="tests.test_lifecycle_investigation_sqlite_helpers" name="test_cell_encoding_is_byte_identical[\x00\xff-b2:\x00\xff]" time="0.005" /><testcase classname="tests.test_lifecycle_investigation_sqlite_helpers" name="test_cell_encoding_is_byte_identical[-s0:]" time="0.005" /><testcase classname="tests.test_lifecycle_investigation_sqlite_helpers" name="test_cell_encoding_is_byte_identical[a:\n-s3:a:\n]" time="0.005" /><testcase classname="tests.test_lifecycle_investigation_sqlite_helpers" name="test_cell_encoding_is_byte_identical[\u4e2d-s3:\xe4\xb8\xad]" time="0.004" /><testcase classname="tests.test_lifecycle_investigation_sqlite_helpers" name="test_cell_encoding_is_byte_identical[\ud800-s3:\xed\xa0\x80]" time="0.003" /><testcase classname="tests.test_lifecycle_investigation_sqlite_helpers" name="test_cell_encoding_is_byte_identical[0-i0;]" time="0.003" /><testcase classname="tests.test_lifecycle_investigation_sqlite_helpers" name="test_cell_encoding_is_byte_identical[-7-i-7;]" time="0.003" /><testcase classname="tests.test_lifecycle_investigation_sqlite_helpers" name="test_cell_encoding_is_byte_identical[9223372036854775807-i9223372036854775807;]" time="0.003" /><testcase classname="tests.test_lifecycle_investigation_sqlite_helpers" name="test_cell_encoding_is_byte_identical[True-iTrue;]" time="0.002" /><testcase classname="tests.test_lifecycle_investigation_sqlite_helpers" name="test_cell_encoding_is_byte_identical[False-iFalse;]" time="0.002" /><testcase classname="tests.test_lifecycle_investigation_sqlite_helpers" name="test_cell_encoding_is_byte_identical[0.0-f0x0.0p+0;]" time="0.002" /><testcase classname="tests.test_lifecycle_investigation_sqlite_helpers" name="test_cell_encoding_is_byte_identical[-0.0-f-0x0.0p+0;]" time="0.002" /><testcase classname="tests.test_lifecycle_investigation_sqlite_helpers" name="test_cell_encoding_is_byte_identical[1.5-f0x1.8000000000000p+0;]" time="0.002" /><testcase classname="tests.test_lifecycle_investigation_sqlite_helpers" name="test_cell_encoding_is_byte_identical[inf-finf;]" time="0.002" /><testcase classname="tests.test_lifecycle_investigation_sqlite_helpers" name="test_cell_encoding_is_byte_identical[-inf-f-inf;]" time="0.002" /><testcase classname="tests.test_lifecycle_investigation_sqlite_helpers" name="test_cell_encoding_is_byte_identical[nan-fnan;]" time="0.002" /><testcase classname="tests.test_lifecycle_investigation_sqlite_helpers" name="test_unsupported_cells_keep_the_original_error_type_and_code[value0]" time="0.002" /><testcase classname="tests.test_lifecycle_investigation_sqlite_helpers" name="test_unsupported_cells_keep_the_original_error_type_and_code[value1]" time="0.002" /><testcase classname="tests.test_lifecycle_investigation_sqlite_helpers" name="test_unsupported_cells_keep_the_original_error_type_and_code[value2]" time="0.002" /><testcase classname="tests.test_lifecycle_investigation_sqlite_helpers" name="test_unsupported_cells_keep_the_original_error_type_and_code[value3]" time="0.002" /><testcase classname="tests.test_lifecycle_investigation_sqlite_helpers" name="test_unsupported_cells_keep_the_original_error_type_and_code[value4]" time="0.002" /><testcase classname="tests.test_lifecycle_investigation_sqlite_helpers" name="test_identifier_encoding_is_exact_and_does_not_execute_embedded_sql[plain-&quot;plain&quot;]" time="0.002" /><testcase classname="tests.test_lifecycle_investigation_sqlite_helpers" name="test_identifier_encoding_is_exact_and_does_not_execute_embedded_sql[-&quot;&quot;]" time="0.002" /><testcase classname="tests.test_lifecycle_investigation_sqlite_helpers" name="test_identifier_encoding_is_exact_and_does_not_execute_embedded_sql[a&quot;b-&quot;a&quot;&quot;b&quot;]" time="0.002" /><testcase classname="tests.test_lifecycle_investigation_sqlite_helpers" name="test_identifier_encoding_is_exact_and_does_not_execute_embedded_sql[&quot;; DROP TABLE retained; ---&quot;&quot;&quot;; DROP TABLE retained; --&quot;]" time="0.002" /><testcase classname="tests.test_lifecycle_investigation_sqlite_helpers" name="test_file_digest_keeps_all_bytes_across_chunk_boundaries[0]" time="0.003" /><testcase classname="tests.test_lifecycle_investigation_sqlite_helpers" name="test_file_digest_keeps_all_bytes_across_chunk_boundaries[3]" time="0.003" /><testcase classname="tests.test_lifecycle_investigation_sqlite_helpers" name="test_file_digest_keeps_all_bytes_across_chunk_boundaries[1048575]" time="0.005" /><testcase classname="tests.test_lifecycle_investigation_sqlite_helpers" name="test_file_digest_keeps_all_bytes_across_chunk_boundaries[1048576]" time="0.006" /><testcase classname="tests.test_lifecycle_investigation_sqlite_helpers" name="test_file_digest_keeps_all_bytes_across_chunk_boundaries[1048577]" time="0.005" /><testcase classname="tests.test_lifecycle_investigation_sqlite_helpers" name="test_file_digest_keeps_all_bytes_across_chunk_boundaries[2097169]" time="0.007" /><testcase classname="tests.test_lifecycle_investigation_sqlite_helpers" name="test_file_digest_propagates_file_open_errors[False]" time="0.003" /><testcase classname="tests.test_lifecycle_investigation_sqlite_helpers" name="test_file_digest_propagates_file_open_errors[True]" time="0.003" /><testcase classname="tests.test_lifecycle_investigation_migration" name="test_cutover_is_explicit_backed_up_and_preserves_existing_content" time="0.143" /><testcase classname="tests.test_lifecycle_investigation_migration" name="test_changed_installation_preview_is_rejected_before_backup" time="0.087" /><testcase classname="tests.test_lifecycle_investigation_migration" name="test_installation_preserves_unrelated_without_rowid_tables" time="0.096" /><testcase classname="tests.test_lifecycle_investigation_retirement" name="test_cased_cascade_fk_is_retained_by_preview_and_empty_apply[profile-upper]" time="0.115" /><testcase classname="tests.test_lifecycle_investigation_retirement" name="test_cased_cascade_fk_is_retained_by_preview_and_empty_apply[profile-mixed]" time="0.117" /><testcase classname="tests.test_lifecycle_investigation_retirement" name="test_cased_cascade_fk_is_retained_by_preview_and_empty_apply[market-upper]" time="0.117" /><testcase classname="tests.test_lifecycle_investigation_retirement" name="test_cased_cascade_fk_is_retained_by_preview_and_empty_apply[market-mixed]" time="0.117" /><testcase classname="tests.test_lifecycle_investigation_retirement" name="test_cased_cascade_fk_added_after_preview_blocks_apply[after_preview-profile-upper]" time="0.105" /><testcase classname="tests.test_lifecycle_investigation_retirement" name="test_cased_cascade_fk_added_after_preview_blocks_apply[after_preview-profile-mixed]" time="0.101" /><testcase classname="tests.test_lifecycle_investigation_retirement" name="test_cased_cascade_fk_added_after_preview_blocks_apply[after_preview-market-upper]" time="0.111" /><testcase classname="tests.test_lifecycle_investigation_retirement" name="test_cased_cascade_fk_added_after_preview_blocks_apply[after_preview-market-mixed]" time="0.110" /><testcase classname="tests.test_lifecycle_investigation_retirement" name="test_cased_cascade_fk_added_after_preview_blocks_apply[after_backup-profile-upper]" time="0.104" /><testcase classname="tests.test_lifecycle_investigation_retirement" name="test_cased_cascade_fk_added_after_preview_blocks_apply[after_backup-profile-mixed]" time="0.104" /><testcase classname="tests.test_lifecycle_investigation_retirement" name="test_cased_cascade_fk_added_after_preview_blocks_apply[after_backup-market-upper]" time="0.112" /><testcase classname="tests.test_lifecycle_investigation_retirement" name="test_cased_cascade_fk_added_after_preview_blocks_apply[after_backup-market-mixed]" time="0.113" /><testcase classname="tests.test_lifecycle_investigation_retirement" name="test_disposal_does_not_casefold_distinct_non_ascii_fk_targets[profile-distinct-unicode]" time="0.125" /><testcase classname="tests.test_lifecycle_investigation_retirement" name="test_disposal_does_not_casefold_distinct_non_ascii_fk_targets[market-distinct-unicode]" time="0.133" /><testcase classname="tests.test_lifecycle_investigation_retirement" name="test_disposal_preserves_approved_current_investigation_and_idempotent_confirmation" time="0.712" /><testcase classname="tests.test_lifecycle_investigation_retirement" name="test_retirement_disposal_is_scoped_and_preserves_other_data" time="0.118" /><testcase classname="tests.test_lifecycle_investigation_retirement" name="test_disposal_stops_for_new_dependency_and_never_requires_quiescing_unrelated_sa" time="0.106" /><testcase classname="tests.test_lifecycle_investigation_retirement" name="test_unrelated_child_reference_retains_case_and_market_observation" time="0.092" /><testcase classname="tests.test_lifecycle_investigation_retirement" name="test_current_composition_excludes_unretained_sec_without_a_cutover[False]" time="0.094" /><testcase classname="tests.test_lifecycle_investigation_retirement" name="test_current_composition_excludes_unretained_sec_without_a_cutover[True]" time="0.106" /><testcase classname="tests.test_lifecycle_investigation_retirement" name="test_retained_sec_action_history_is_readable_but_not_background_intake[False]" time="0.243" /><testcase classname="tests.test_lifecycle_investigation_retirement" name="test_retained_sec_action_history_is_readable_but_not_background_intake[True]" time="0.170" /><testcase classname="tests.test_lifecycle_investigation_retirement" name="test_market_dependencies_are_retained_before_profile_disposal" time="0.091" /><testcase classname="tests.test_lifecycle_investigation_retirement" name="test_disposal_market_stage_requires_profile_receipt_and_receipts_cannot_be_forged" time="0.102" /><testcase classname="tests.test_lifecycle_investigation_retirement" name="test_disposal_deletes_draft_dependencies_but_retains_human_acceptance" time="0.125" /><testcase classname="tests.test_lifecycle_investigation_retirement" name="test_disposal_rolls_back_shared_evidence_when_receipt_publication_fails" time="0.123" /><testcase classname="tests.test_lifecycle_investigation_cli" name="test_explicit_install_and_36_row_two_stage_disposal_can_resume_without_touching_collectors" time="0.432" /><testcase classname="tests.test_lifecycle_investigation_cli" name="test_operator_cli_never_guesses_database_paths_or_app_stop_permission" time="0.005" /><testcase classname="tests.test_sqlite_backup" name="test_current_journal_has_no_obsolete_schema_owner[lifecycle_web_schema.py]" time="0.003" /><testcase classname="tests.test_sqlite_backup" name="test_current_journal_has_no_obsolete_schema_owner[lifecycle_web_migration.py]" time="0.003" /><testcase classname="tests.test_sqlite_backup" name="test_backup_captures_committed_wal_rows_without_changing_the_source" time="0.015" /><testcase classname="tests.test_sqlite_backup" name="test_backup_never_overwrites_an_existing_destination" time="0.003" /><testcase classname="tests.test_sqlite_backup" name="test_backup_rejects_a_dangling_destination_symlink" time="0.003" /><testcase classname="tests.test_sqlite_backup" name="test_backup_explicitly_closes_destination_on_success_and_failure[False]" time="0.006" /><testcase classname="tests.test_sqlite_backup" name="test_backup_explicitly_closes_destination_on_success_and_failure[True]" time="0.004" /><testcase classname="tests.test_sqlite_backup" name="test_current_installation_backup_preserves_unrelated_rows_and_is_idempotent" time="0.113" /><testcase classname="tests.test_sqlite_backup" name="test_current_installation_requires_stopped_app_before_opening_any_store" time="0.003" /><testcase classname="tests.test_sqlite_backup" name="test_current_installation_rejects_backup_races_and_existing_destinations[after_backup]" time="0.090" /><testcase classname="tests.test_sqlite_backup" name="test_current_installation_rejects_backup_races_and_existing_destinations[backup_exists]" time="0.078" /><testcase classname="tests.test_sqlite_backup" name="test_current_installation_rolls_back_schema_on_postflight_failure" time="0.093" /><testcase classname="tests.test_sa_tracking_memberships" name="test_former_removal_survives_sync_bootstrap_and_renamed_observation" time="0.040" /><testcase classname="tests.test_sa_tracking_memberships" name="test_unremoved_membership_follows_verified_alias_without_rewriting_origin" time="0.030" /><testcase classname="tests.test_sa_tracking_memberships" name="test_membership_display_follows_persisted_identity_without_erasing_removed_intent" time="0.036" /><testcase classname="tests.test_sa_tracking_memberships" name="test_current_to_former_is_retained_but_unseen_closed_is_candidate" time="0.036" /><testcase classname="tests.test_sa_tracking_memberships" name="test_related_current_with_same_pick_anchor_is_held_not_globally_blacklisted" time="0.040" /><testcase classname="tests.test_sa_tracking_memberships" name="test_removed_membership_cannot_be_accepted_instead_of_explicit_restore" time="0.031" /><testcase classname="tests.test_sa_tracking_memberships" name="test_receipts_are_append_only_idempotent_and_bind_the_observation" time="0.030" /><testcase classname="tests.test_sa_tracking_memberships" name="test_ambiguous_alias_binding_is_not_silently_accepted" time="0.030" /><testcase classname="tests.test_sa_tracking_memberships" name="test_malformed_observation_rolls_back_whole_reconciliation" time="0.027" /><testcase classname="tests.test_sa_tracking_memberships" name="test_sync_projection_detects_unapplied_sa_observations_without_writing" time="0.036" /><testcase classname="tests.test_sa_tracking_memberships" name="test_dual_source_pick_is_admitted_without_discarding_current_membership" time="0.030" /><testcase classname="tests.test_sa_tracking_memberships" name="test_former_tombstone_preserves_existing_current_but_cannot_reactivate_it_later" time="0.050" /><testcase classname="tests.test_sa_tracking_memberships" name="test_current_observation_flag_is_boolean_not_truthy[None]" time="0.025" /><testcase classname="tests.test_sa_tracking_memberships" name="test_current_observation_flag_is_boolean_not_truthy[0]" time="0.026" /><testcase classname="tests.test_sa_tracking_memberships" name="test_current_observation_flag_is_boolean_not_truthy[1]" time="0.026" /><testcase classname="tests.test_sa_tracking_memberships" name="test_current_observation_flag_is_boolean_not_truthy[true]" time="0.026" /><testcase classname="tests.test_sa_tracking_memberships" name="test_current_observation_flag_is_boolean_not_truthy[bad4]" time="0.027" /><testcase classname="tests.test_sa_tracking_memberships" name="test_current_observation_flag_is_boolean_not_truthy[bad5]" time="0.026" /><testcase classname="tests.test_sa_tracking_memberships" name="test_old_closed_observation_does_not_remove_newer_current_source" time="0.030" /><testcase classname="tests.test_active_universe" name="test_former_tombstone_is_source_specific_and_precedes_alias_projection" time="0.098" /><testcase classname="tests.test_active_universe" name="test_sa_observation_alone_cannot_resurrect_former_after_membership_cutover" time="0.084" /><testcase classname="tests.test_active_universe" name="test_snapshot_unions_all_sources_and_retains_sorted_provenance" time="0.099" /><testcase classname="tests.test_active_universe" name="test_manual_lists_require_active_parent_and_membership" time="0.080" /><testcase classname="tests.test_active_universe" name="test_portfolio_open_requires_open_account_and_position_but_ignores_include_total" time="0.104" /><testcase classname="tests.test_active_universe" name="test_portfolio_equity_classes_include_stock_etf_option_and_warn_on_others" time="0.099" /><testcase classname="tests.test_active_universe" name="test_alpha_picks_current_excludes_stale_and_keeps_closed_separate" time="0.086" /><testcase classname="tests.test_active_universe" name="test_former_alpha_picks_is_a_parallel_active_source" time="0.096" /><testcase classname="tests.test_active_universe" name="test_applied_identity_link_moves_former_tracking_without_rewriting_sa_history" time="0.092" /><testcase classname="tests.test_active_universe" name="test_conflicting_identity_links_fail_closed_instead_of_misrouting_collection" time="0.082" /><testcase classname="tests.test_active_universe" name="test_former_alpha_pick_crosses_real_news_and_price_scope_consumers" time="0.096" /><testcase classname="tests.test_active_universe" name="test_provider_marked_former_pick_merges_with_manual_identity_for_consumers" time="0.081" /><testcase classname="tests.test_active_universe" name="test_alpha_latest_refresh_failure_warns_without_withdrawing_facts" time="0.079" /><testcase classname="tests.test_active_universe" name="test_alpha_age_warning_uses_48_hours_without_expiring_membership" time="0.091" /><testcase classname="tests.test_active_universe" name="test_exact_hidden_veto_distinguishes_brk_dot_b_from_brk_space_b" time="0.083" /><testcase classname="tests.test_active_universe" name="test_legacy_config_seed_is_a_direct_source_not_an_annotation" time="0.082" /><testcase classname="tests.test_active_universe" name="test_complete_empty_sources_return_an_empty_snapshot" time="0.077" /><testcase classname="tests.test_active_universe" name="test_missing_profile_db_reports_three_profile_sources_without_paths" time="0.080" /><testcase classname="tests.test_active_universe" name="test_missing_sa_db_reports_both_alpha_sources_without_fake_empty" time="0.078" /><testcase classname="tests.test_active_universe" name="test_read_paths_use_mode_ro_query_only_and_create_no_files" time="0.076" /><testcase classname="tests.test_active_universe" name="test_resolve_active_universe_is_a_thin_complete_snapshot_adapter" time="0.003" /><testcase classname="tests.test_security_lifecycle_terminal_workflow" name="test_reviewed_legacy_delisting_stops_shared_scope_and_sa_sync_cannot_resurrect[ARCH-2025-01-15]" time="0.375" /><testcase classname="tests.test_security_lifecycle_terminal_workflow" name="test_reviewed_legacy_delisting_stops_shared_scope_and_sa_sync_cannot_resurrect[LTHM-2024-01-05]" time="0.288" /><testcase classname="tests.test_security_lifecycle_terminal_workflow" name="test_reviewed_legacy_delisting_stops_shared_scope_and_sa_sync_cannot_resurrect[TA-2023-05-16]" time="0.307" /><testcase classname="tests.test_security_lifecycle_terminal_workflow" name="test_even_a_replayed_preview_cannot_apply_after_listing_authority_changes[elapsed]" time="0.195" /><testcase classname="tests.test_security_lifecycle_terminal_workflow" name="test_even_a_replayed_preview_cannot_apply_after_listing_authority_changes[active_otc]" time="0.185" /><testcase classname="tests.test_security_lifecycle_terminal_workflow" name="test_offered_retirement_rejects_changes_after_approval[membership]" time="0.236" /><testcase classname="tests.test_security_lifecycle_terminal_workflow" name="test_offered_retirement_rejects_changes_after_approval[new_observation]" time="0.231" /><testcase classname="tests.test_security_lifecycle_terminal_workflow" name="test_a_new_open_position_vetoes_even_an_approved_provider_terminal" time="0.217" /><testcase classname="tests.test_security_lifecycle_terminal_workflow" name="test_terminal_suppresses_dual_current_source_and_reverse_restores_exact_intent[False]" time="0.207" /><testcase classname="tests.test_security_lifecycle_terminal_workflow" name="test_terminal_suppresses_dual_current_source_and_reverse_restores_exact_intent[True]" time="0.215" /><testcase classname="tests.test_security_lifecycle_terminal_workflow" name="test_no_timeline_listing_retirement_reaches_decision_proposal_and_preview[True-True]" time="0.224" /><testcase classname="tests.test_security_lifecycle_terminal_workflow" name="test_no_timeline_listing_retirement_reaches_decision_proposal_and_preview[True-False]" time="0.227" /><testcase classname="tests.test_security_lifecycle_terminal_workflow" name="test_no_timeline_listing_retirement_reaches_decision_proposal_and_preview[False-True]" time="0.201" /><testcase classname="tests.test_security_lifecycle_terminal_workflow" name="test_no_timeline_listing_retirement_reaches_decision_proposal_and_preview[False-False]" time="0.198" /><testcase classname="tests.test_security_lifecycle_schema" name="test_market_schema_matches_the_exact_observation_and_kind_contract" time="0.015" /><testcase classname="tests.test_security_lifecycle_schema" name="test_profile_schema_matches_the_exact_case_evidence_and_proposal_contract" time="0.070" /><testcase classname="tests.test_security_lifecycle_schema" name="test_profile_foreign_keys_and_closed_vocabularies_reject_invalid_rows" time="0.066" /><testcase classname="tests.test_security_lifecycle_schema" name="test_schema_verifier_rejects_partial_extra_or_drifted_artifacts" time="0.030" /><testcase classname="tests.test_security_lifecycle_schema" name="test_schema_verifiers_do_not_create_missing_databases" time="0.004" /><testcase classname="tests.test_security_lifecycle_schema" name="test_incomplete_receipt_blocks_all_lifecycle_writes" time="0.081" /><testcase classname="tests.test_security_lifecycle_provider_authority" name="test_terminal_requires_positive_delisting_and_all_independent_veto_checks" time="0.004" /><testcase classname="tests.test_security_lifecycle_provider_authority" name="test_omitting_any_terminal_component_never_means_delisted[0]" time="0.004" /><testcase classname="tests.test_security_lifecycle_provider_authority" name="test_omitting_any_terminal_component_never_means_delisted[1]" time="0.004" /><testcase classname="tests.test_security_lifecycle_provider_authority" name="test_omitting_any_terminal_component_never_means_delisted[2]" time="0.004" /><testcase classname="tests.test_security_lifecycle_provider_authority" name="test_omitting_any_terminal_component_never_means_delisted[3]" time="0.004" /><testcase classname="tests.test_security_lifecycle_provider_authority" name="test_omitting_any_terminal_component_never_means_delisted[4]" time="0.004" /><testcase classname="tests.test_security_lifecycle_provider_authority" name="test_omitting_any_terminal_component_never_means_delisted[5]" time="0.004" /><testcase classname="tests.test_security_lifecycle_provider_authority" name="test_otc_continuation_vetoes_terminal_even_when_three_sources_report_delisted" time="0.004" /><testcase classname="tests.test_security_lifecycle_provider_authority" name="test_active_control_and_unknown_are_not_both_called_delisted" time="0.004" /><testcase classname="tests.test_security_lifecycle_provider_authority" name="test_same_figi_ticker_event_requires_active_successor_before_continuation" time="0.004" /><testcase classname="tests.test_security_lifecycle_provider_authority" name="test_unavailable_event_check_is_not_evidence_of_no_successor" time="0.004" /><testcase classname="tests.test_security_lifecycle_provider_authority" name="test_listing_identity_and_query_assertions_must_be_bound_to_the_evidence[composite_figi-BBG00HC114X0]" time="0.004" /><testcase classname="tests.test_security_lifecycle_provider_authority" name="test_listing_identity_and_query_assertions_must_be_bound_to_the_evidence[expected_active_state-True]" time="0.004" /><testcase classname="tests.test_security_lifecycle_provider_authority" name="test_listing_identity_and_query_assertions_must_be_bound_to_the_evidence[snapshot_complete-False]" time="0.004" /><testcase classname="tests.test_security_lifecycle_provider_authority" name="test_largest_admitted_ticker_timeline_fits_real_kernel_evidence_contract" time="0.041" /><testcase classname="tests.test_security_lifecycle_provider_authority" name="test_provider_policy_requests_terminal_only_after_open_position_and_preview_guards" time="0.008" /></testsuite></testsuites>