<?xml version="1.0" encoding="utf-8"?><testsuites name="pytest tests"><testsuite name="pytest" errors="0" failures="0" skipped="0" tests="35" time="0.215" timestamp="2026-09-15T02:58:08.239827+00:00" hostname="ais"><testcase classname="tests.test_lifecycle_investigation_sqlite_helpers" name="test_cell_encoding_is_byte_identical[None-n]" time="0.066" /><testcase classname="tests.test_lifecycle_investigation_sqlite_helpers" name="test_cell_encoding_is_byte_identical[-b0:]" time="0.001" /><testcase classname="tests.test_lifecycle_investigation_sqlite_helpers" name="test_cell_encoding_is_byte_identical[\x00\xff-b2:\x00\xff]" time="0.001" /><testcase classname="tests.test_lifecycle_investigation_sqlite_helpers" name="test_cell_encoding_is_byte_identical[-s0:]" time="0.001" /><testcase classname="tests.test_lifecycle_investigation_sqlite_helpers" name="test_cell_encoding_is_byte_identical[a:\n-s3:a:\n]" time="0.001" /><testcase classname="tests.test_lifecycle_investigation_sqlite_helpers" name="test_cell_encoding_is_byte_identical[\u4e2d-s3:\xe4\xb8\xad]" time="0.001" /><testcase classname="tests.test_lifecycle_investigation_sqlite_helpers" name="test_cell_encoding_is_byte_identical[\ud800-s3:\xed\xa0\x80]" time="0.001" /><testcase classname="tests.test_lifecycle_investigation_sqlite_helpers" name="test_cell_encoding_is_byte_identical[0-i0;]" time="0.001" /><testcase classname="tests.test_lifecycle_investigation_sqlite_helpers" name="test_cell_encoding_is_byte_identical[-7-i-7;]" time="0.001" /><testcase classname="tests.test_lifecycle_investigation_sqlite_helpers" name="test_cell_encoding_is_byte_identical[9223372036854775807-i9223372036854775807;]" time="0.001" /><testcase classname="tests.test_lifecycle_investigation_sqlite_helpers" name="test_cell_encoding_is_byte_identical[True-iTrue;]" time="0.001" /><testcase classname="tests.test_lifecycle_investigation_sqlite_helpers" name="test_cell_encoding_is_byte_identical[False-iFalse;]" time="0.001" /><testcase classname="tests.test_lifecycle_investigation_sqlite_helpers" name="test_cell_encoding_is_byte_identical[0.0-f0x0.0p+0;]" time="0.001" /><testcase classname="tests.test_lifecycle_investigation_sqlite_helpers" name="test_cell_encoding_is_byte_identical[-0.0-f-0x0.0p+0;]" time="0.001" /><testcase classname="tests.test_lifecycle_investigation_sqlite_helpers" name="test_cell_encoding_is_byte_identical[1.5-f0x1.8000000000000p+0;]" time="0.001" /><testcase classname="tests.test_lifecycle_investigation_sqlite_helpers" name="test_cell_encoding_is_byte_identical[inf-finf;]" time="0.001" /><testcase classname="tests.test_lifecycle_investigation_sqlite_helpers" name="test_cell_encoding_is_byte_identical[-inf-f-inf;]" time="0.001" /><testcase classname="tests.test_lifecycle_investigation_sqlite_helpers" name="test_cell_encoding_is_byte_identical[nan-fnan;]" time="0.001" /><testcase classname="tests.test_lifecycle_investigation_sqlite_helpers" name="test_unsupported_cells_keep_the_original_error_type_and_code[value0]" time="0.001" /><testcase classname="tests.test_lifecycle_investigation_sqlite_helpers" name="test_unsupported_cells_keep_the_original_error_type_and_code[value1]" time="0.001" /><testcase classname="tests.test_lifecycle_investigation_sqlite_helpers" name="test_unsupported_cells_keep_the_original_error_type_and_code[value2]" time="0.001" /><testcase classname="tests.test_lifecycle_investigation_sqlite_helpers" name="test_unsupported_cells_keep_the_original_error_type_and_code[value3]" time="0.001" /><testcase classname="tests.test_lifecycle_investigation_sqlite_helpers" name="test_unsupported_cells_keep_the_original_error_type_and_code[value4]" time="0.002" /><testcase classname="tests.test_lifecycle_investigation_sqlite_helpers" name="test_identifier_encoding_is_exact_and_does_not_execute_embedded_sql[plain-&quot;plain&quot;]" time="0.002" /><testcase classname="tests.test_lifecycle_investigation_sqlite_helpers" name="test_identifier_encoding_is_exact_and_does_not_execute_embedded_sql[-&quot;&quot;]" time="0.002" /><testcase classname="tests.test_lifecycle_investigation_sqlite_helpers" name="test_identifier_encoding_is_exact_and_does_not_execute_embedded_sql[a&quot;b-&quot;a&quot;&quot;b&quot;]" time="0.002" /><testcase classname="tests.test_lifecycle_investigation_sqlite_helpers" name="test_identifier_encoding_is_exact_and_does_not_execute_embedded_sql[&quot;; DROP TABLE retained; ---&quot;&quot;&quot;; DROP TABLE retained; --&quot;]" time="0.002" /><testcase classname="tests.test_lifecycle_investigation_sqlite_helpers" name="test_file_digest_keeps_all_bytes_across_chunk_boundaries[0]" time="0.002" /><testcase classname="tests.test_lifecycle_investigation_sqlite_helpers" name="test_file_digest_keeps_all_bytes_across_chunk_boundaries[3]" time="0.002" /><testcase classname="tests.test_lifecycle_investigation_sqlite_helpers" name="test_file_digest_keeps_all_bytes_across_chunk_boundaries[1048575]" time="0.005" /><testcase classname="tests.test_lifecycle_investigation_sqlite_helpers" name="test_file_digest_keeps_all_bytes_across_chunk_boundaries[1048576]" time="0.005" /><testcase classname="tests.test_lifecycle_investigation_sqlite_helpers" name="test_file_digest_keeps_all_bytes_across_chunk_boundaries[1048577]" time="0.005" /><testcase classname="tests.test_lifecycle_investigation_sqlite_helpers" name="test_file_digest_keeps_all_bytes_across_chunk_boundaries[2097169]" time="0.007" /><testcase classname="tests.test_lifecycle_investigation_sqlite_helpers" name="test_file_digest_propagates_file_open_errors[False]" time="0.002" /><testcase classname="tests.test_lifecycle_investigation_sqlite_helpers" name="test_file_digest_propagates_file_open_errors[True]" time="0.003" /></testsuite></testsuites>